<?xml version="1.0" encoding="UTF-8"?>
<!-- Generated by org.testng.reporters.JUnitXMLReporter -->
<testsuite ignored="0" hostname="BRANDED-LAP" failures="0" tests="7" name="Default test" time="11.223" errors="0" timestamp="2024-11-24T17:17:27 PKT">
  <testcase classname="com.apiTesting.test.ResourceTests" name="testCreateResource" time="4.619"/>
  <testcase classname="com.apiTesting.test.ResourceTests" name="testCreateResource" time="0.775"/>
  <testcase classname="com.apiTesting.test.ResourceTests" name="testCreateResource" time="0.918"/>
  <testcase classname="com.apiTesting.test.ResourceTests" name="testDeleteResource" time="0.896"/>
  <testcase classname="com.apiTesting.test.ResourceTests" name="testGetResources" time="1.129"/>
  <testcase classname="com.apiTesting.test.ResourceTests" name="testGetSingleResource" time="0.916"/>
  <testcase classname="com.apiTesting.test.ResourceTests" name="testUpdateResource" time="1.832"/>
</testsuite> <!-- Default test -->
